<?xml version="1.0" encoding="UTF-8"?>
<!-- Generated by org.testng.reporters.JUnitReportReporter -->
<testsuite name="com.example.ctwork.FirstTest" tests="2" time="0.239" ignored="0" failures="0" timestamp="14 Oct 2019 07:52:17 GMT" skipped="0" hostname="yicgdeMacBook-Pro.local" errors="0">
  <testcase name="loginJDTest" time="0.233" classname="com.example.ctwork.FirstTest"/>
  <testcase name="loginJDTest" time="0.006" classname="com.example.ctwork.FirstTest"/>
</testsuite> <!-- com.example.ctwork.FirstTest -->
