<?xml version="1.0" encoding="UTF-8"?>
<!-- Generated by org.testng.reporters.JUnitReportReporter -->
<testsuite name="com.example.demo.HttpTest" tests="2" time="0.272" ignored="0" failures="0" timestamp="25 Oct 2019 02:46:32 GMT" skipped="0" hostname="yicgdeMacBook-Pro.local" errors="0">
  <testcase name="login" time="0.261" classname="com.example.demo.HttpTest"/>
  <testcase name="demo1" time="0.011" classname="com.example.demo.HttpTest"/>
</testsuite> <!-- com.example.demo.HttpTest -->
